Determining if the Q_WS_WIN exist failed with the following output:
Change Dir: /home/elf/falsecolor/CMakeFiles/CMakeTmp

Run Build Command:/usr/bin/make "cmTryCompileExec2312110951/fast"
/usr/bin/make -f CMakeFiles/cmTryCompileExec2312110951.dir/build.make CMakeFiles/cmTryCompileExec2312110951.dir/build
make[1]: Entering directory `/home/elf/falsecolor/CMakeFiles/CMakeTmp'
/usr/bin/cmake -E cmake_progress_report /home/elf/falsecolor/CMakeFiles/CMakeTmp/CMakeFiles 1
Building CXX object CMakeFiles/cmTryCompileExec2312110951.dir/CheckSymbolExists.cxx.o
/usr/bin/c++    -I/usr/include/qt4    -o CMakeFiles/cmTryCompileExec2312110951.dir/CheckSymbolExists.cxx.o -c /home/elf/falsecolor/CMakeFiles/CMakeTmp/CheckSymbolExists.cxx
/home/elf/falsecolor/CMakeFiles/CMakeTmp/CheckSymbolExists.cxx: In function ‘int main(int, char**)’:
/home/elf/falsecolor/CMakeFiles/CMakeTmp/CheckSymbolExists.cxx:8:19: error: ‘Q_WS_WIN’ was not declared in this scope
make[1]: *** [CMakeFiles/cmTryCompileExec2312110951.dir/CheckSymbolExists.cxx.o] Error 1
make[1]: Leaving directory `/home/elf/falsecolor/CMakeFiles/CMakeTmp'
make: *** [cmTryCompileExec2312110951/fast] Error 2

File /home/elf/falsecolor/CMakeFiles/CMakeTmp/CheckSymbolExists.cxx:
/* */
#include <QtCore/qglobal.h>

int main(int argc, char** argv)
{
  (void)argv;
#ifndef Q_WS_WIN
  return ((int*)(&Q_WS_WIN))[argc];
#else
  (void)argc;
  return 0;
#endif
}

Determining if the Q_WS_QWS exist failed with the following output:
Change Dir: /home/elf/falsecolor/CMakeFiles/CMakeTmp

Run Build Command:/usr/bin/make "cmTryCompileExec3111209066/fast"
/usr/bin/make -f CMakeFiles/cmTryCompileExec3111209066.dir/build.make CMakeFiles/cmTryCompileExec3111209066.dir/build
make[1]: Entering directory `/home/elf/falsecolor/CMakeFiles/CMakeTmp'
/usr/bin/cmake -E cmake_progress_report /home/elf/falsecolor/CMakeFiles/CMakeTmp/CMakeFiles 1
Building CXX object CMakeFiles/cmTryCompileExec3111209066.dir/CheckSymbolExists.cxx.o
/usr/bin/c++    -I/usr/include/qt4    -o CMakeFiles/cmTryCompileExec3111209066.dir/CheckSymbolExists.cxx.o -c /home/elf/falsecolor/CMakeFiles/CMakeTmp/CheckSymbolExists.cxx
/home/elf/falsecolor/CMakeFiles/CMakeTmp/CheckSymbolExists.cxx: In function ‘int main(int, char**)’:
/home/elf/falsecolor/CMakeFiles/CMakeTmp/CheckSymbolExists.cxx:8:19: error: ‘Q_WS_QWS’ was not declared in this scope
make[1]: *** [CMakeFiles/cmTryCompileExec3111209066.dir/CheckSymbolExists.cxx.o] Error 1
make[1]: Leaving directory `/home/elf/falsecolor/CMakeFiles/CMakeTmp'
make: *** [cmTryCompileExec3111209066/fast] Error 2

File /home/elf/falsecolor/CMakeFiles/CMakeTmp/CheckSymbolExists.cxx:
/* */
#include <QtCore/qglobal.h>

int main(int argc, char** argv)
{
  (void)argv;
#ifndef Q_WS_QWS
  return ((int*)(&Q_WS_QWS))[argc];
#else
  (void)argc;
  return 0;
#endif
}

Determining if the Q_WS_MAC exist failed with the following output:
Change Dir: /home/elf/falsecolor/CMakeFiles/CMakeTmp

Run Build Command:/usr/bin/make "cmTryCompileExec1875227647/fast"
/usr/bin/make -f CMakeFiles/cmTryCompileExec1875227647.dir/build.make CMakeFiles/cmTryCompileExec1875227647.dir/build
make[1]: Entering directory `/home/elf/falsecolor/CMakeFiles/CMakeTmp'
/usr/bin/cmake -E cmake_progress_report /home/elf/falsecolor/CMakeFiles/CMakeTmp/CMakeFiles 1
Building CXX object CMakeFiles/cmTryCompileExec1875227647.dir/CheckSymbolExists.cxx.o
/usr/bin/c++    -I/usr/include/qt4    -o CMakeFiles/cmTryCompileExec1875227647.dir/CheckSymbolExists.cxx.o -c /home/elf/falsecolor/CMakeFiles/CMakeTmp/CheckSymbolExists.cxx
/home/elf/falsecolor/CMakeFiles/CMakeTmp/CheckSymbolExists.cxx: In function ‘int main(int, char**)’:
/home/elf/falsecolor/CMakeFiles/CMakeTmp/CheckSymbolExists.cxx:8:19: error: ‘Q_WS_MAC’ was not declared in this scope
make[1]: *** [CMakeFiles/cmTryCompileExec1875227647.dir/CheckSymbolExists.cxx.o] Error 1
make[1]: Leaving directory `/home/elf/falsecolor/CMakeFiles/CMakeTmp'
make: *** [cmTryCompileExec1875227647/fast] Error 2

File /home/elf/falsecolor/CMakeFiles/CMakeTmp/CheckSymbolExists.cxx:
/* */
#include <QtCore/qglobal.h>

int main(int argc, char** argv)
{
  (void)argv;
#ifndef Q_WS_MAC
  return ((int*)(&Q_WS_MAC))[argc];
#else
  (void)argc;
  return 0;
#endif
}

